0 verbose cli C:\Program Files\nodejs\node.exe C:\Program Files\nodejs\node_modules\npm\bin\npm-cli.js
1 info using npm@10.9.2
2 info using node@v22.15.1
3 silly config load:file:C:\Program Files\nodejs\node_modules\npm\npmrc
4 silly config load:file:C:\project\oktree-2\i-group\frontend\.npmrc
5 silly config load:file:C:\Users\rakib\.npmrc
6 silly config load:file:C:\Users\rakib\npm-global\etc\npmrc
7 verbose title npm run de
8 verbose argv "run" "de"
9 verbose logfile logs-max:10 dir:C:\project\oktree-2\i-group\frontend\UsersmynameAppDataRoamingnpm-cache\_logs\2025-11-22T09_15_15_311Z-
10 verbose logfile C:\project\oktree-2\i-group\frontend\UsersmynameAppDataRoamingnpm-cache\_logs\2025-11-22T09_15_15_311Z-debug-0.log
11 silly logfile done cleaning log files
12 verbose stack Error: Missing script: "de"
12 verbose stack
12 verbose stack To see a list of scripts, run:
12 verbose stack   npm run
12 verbose stack     at #run (C:\Program Files\nodejs\node_modules\npm\lib\commands\run-script.js:111:13)
12 verbose stack     at async RunScript.exec (C:\Program Files\nodejs\node_modules\npm\lib\commands\run-script.js:40:7)
12 verbose stack     at async Npm.exec (C:\Program Files\nodejs\node_modules\npm\lib\npm.js:207:9)
12 verbose stack     at async module.exports (C:\Program Files\nodejs\node_modules\npm\lib\cli\entry.js:74:5)
13 error Missing script: "de"
13 error
13 error To see a list of scripts, run:
13 error   npm run
14 verbose cwd C:\project\oktree-2\i-group\frontend
15 verbose os Windows_NT 10.0.26100
16 verbose node v22.15.1
17 verbose npm  v10.9.2
18 verbose exit 1
19 verbose code 1
20 error A complete log of this run can be found in: C:\project\oktree-2\i-group\frontend\UsersmynameAppDataRoamingnpm-cache\_logs\2025-11-22T09_15_15_311Z-debug-0.log
